<?xml version="1.0" encoding="UTF-8"?>
<!-- Generated by org.testng.reporters.JUnitReportReporter -->
<testsuite hostname="Ihors-MBP" failures="0" tests="1" name="esteeLauder.example.AppTest" time="0.011" errors="0" timestamp="29 Jul 2021 00:31:20 GMT">
  <testcase classname="esteeLauder.example.AppTest" name="shouldAnswerWithTrue" time="0.011"/>
</testsuite> <!-- esteeLauder.example.AppTest -->
