<?xml version="1.0" encoding="UTF-8"?>
<!-- Generated by org.testng.reporters.JUnitReportReporter -->
<testsuite hostname="Ihors-MBP" failures="0" tests="1" name="esteeLauder.example.TestExampleOne" time="29.091" errors="0" timestamp="29 Jul 2021 01:07:32 GMT">
  <testcase classname="esteeLauder.example.TestExampleOne" name="shouldAnswerWithTrue" time="29.091"/>
</testsuite> <!-- esteeLauder.example.TestExampleOne -->
